<?xml version="1.0" encoding="UTF-8"?>
<!-- Generated by org.testng.reporters.JUnitXMLReporter -->
<testsuite hostname="L3460-H1WD4C2" name="Regression1" tests="4" failures="0" timestamp="29 Jul 2021 14:49:35 GMT" time="164.126" errors="0">
  <testcase name="tc001" time="83.756" classname="com.hrms.testscripts.TC_001"/>
  <testcase name="tc002" time="18.214" classname="com.hrms.testscripts.TC_002"/>
  <testcase name="tc003" time="40.036" classname="com.hrms.testscripts.TC_003"/>
  <testcase name="tc004" time="22.078" classname="com.hrms.testscripts.TC_004"/>
</testsuite> <!-- Regression1 -->
