<?xml version="1.0" encoding="UTF-8"?>
<testng-results skipped="0" failed="0" total="4" passed="4">
  <reporter-output>
    <line>
      <![CDATA[Application opened]]>
    </line>
    <line>
      <![CDATA[Application closed]]>
    </line>
    <line>
      <![CDATA[Application opened]]>
    </line>
    <line>
      <![CDATA[Login Completed]]>
    </line>
    <line>
      <![CDATA[Logout completed]]>
    </line>
    <line>
      <![CDATA[Application closed]]>
    </line>
    <line>
      <![CDATA[Application opened]]>
    </line>
    <line>
      <![CDATA[Login Completed]]>
    </line>
    <line>
      <![CDATA[New emp added]]>
    </line>
    <line>
      <![CDATA[Logout completed]]>
    </line>
    <line>
      <![CDATA[Application closed]]>
    </line>
    <line>
      <![CDATA[Application opened]]>
    </line>
    <line>
      <![CDATA[Login Completed]]>
    </line>
    <line>
      <![CDATA[Emp deleted]]>
    </line>
    <line>
      <![CDATA[Logout completed]]>
    </line>
    <line>
      <![CDATA[Application closed]]>
    </line>
  </reporter-output>
  <suite name="Suite1" duration-ms="164126" started-at="2021-07-29T14:46:51Z" finished-at="2021-07-29T14:49:35Z">
    <groups>
    </groups>
    <test name="Regression1" duration-ms="164126" started-at="2021-07-29T14:46:51Z" finished-at="2021-07-29T14:49:35Z">
      <class name="com.hrms.testscripts.TC_003">
        <test-method status="PASS" signature="tc003()[pri:0, instance:com.hrms.testscripts.TC_003@83f5ae]" name="tc003" duration-ms="40036" started-at="2021-07-29T20:18:33Z" finished-at="2021-07-29T20:19:13Z">
          <reporter-output>
            <line>
              <![CDATA[Application opened]]>
            </line>
            <line>
              <![CDATA[Login Completed]]>
            </line>
            <line>
              <![CDATA[New emp added]]>
            </line>
            <line>
              <![CDATA[Logout completed]]>
            </line>
            <line>
              <![CDATA[Application closed]]>
            </line>
          </reporter-output>
        </test-method> <!-- tc003 -->
      </class> <!-- com.hrms.testscripts.TC_003 -->
      <class name="com.hrms.testscripts.TC_004">
        <test-method status="PASS" signature="tc004()[pri:0, instance:com.hrms.testscripts.TC_004@19afc07]" name="tc004" duration-ms="22078" started-at="2021-07-29T20:19:13Z" finished-at="2021-07-29T20:19:35Z">
          <reporter-output>
            <line>
              <![CDATA[Application opened]]>
            </line>
            <line>
              <![CDATA[Login Completed]]>
            </line>
            <line>
              <![CDATA[Emp deleted]]>
            </line>
            <line>
              <![CDATA[Logout completed]]>
            </line>
            <line>
              <![CDATA[Application closed]]>
            </line>
          </reporter-output>
        </test-method> <!-- tc004 -->
      </class> <!-- com.hrms.testscripts.TC_004 -->
      <class name="com.hrms.testscripts.TC_001">
        <test-method status="PASS" signature="tc001()[pri:0, instance:com.hrms.testscripts.TC_001@b87145]" name="tc001" duration-ms="83756" started-at="2021-07-29T20:16:51Z" finished-at="2021-07-29T20:18:15Z">
          <reporter-output>
            <line>
              <![CDATA[Application opened]]>
            </line>
            <line>
              <![CDATA[Application closed]]>
            </line>
          </reporter-output>
        </test-method> <!-- tc001 -->
      </class> <!-- com.hrms.testscripts.TC_001 -->
      <class name="com.hrms.testscripts.TC_002">
        <test-method status="PASS" signature="tc002()[pri:0, instance:com.hrms.testscripts.TC_002@13af739]" name="tc002" duration-ms="18214" started-at="2021-07-29T20:18:15Z" finished-at="2021-07-29T20:18:33Z">
          <reporter-output>
            <line>
              <![CDATA[Application opened]]>
            </line>
            <line>
              <![CDATA[Login Completed]]>
            </line>
            <line>
              <![CDATA[Logout completed]]>
            </line>
            <line>
              <![CDATA[Application closed]]>
            </line>
          </reporter-output>
        </test-method> <!-- tc002 -->
      </class> <!-- com.hrms.testscripts.TC_002 -->
    </test> <!-- Regression1 -->
  </suite> <!-- Suite1 -->
</testng-results>
